  [1m[36m (136.1ms)[0m  [1mCREATE TABLE `schema_migrations` (`version` varchar(255) NOT NULL) ENGINE=InnoDB[0m
  [1m[35m (233.0ms)[0m  CREATE UNIQUE INDEX `unique_schema_migrations`  ON `schema_migrations` (`version`) 
  [1m[36mActiveRecord::SchemaMigration Load (3.0ms)[0m  [1mSELECT `schema_migrations`.* FROM `schema_migrations`[0m
Migrating to CreateMailContexts (20150810104021)
  [1m[35m (142.4ms)[0m  CREATE TABLE `mail_contexts` (`id` int(11) auto_increment PRIMARY KEY, `email` varchar(255), `message_body` varchar(255), `starts_at` datetime, `ends_at` datetime, `time_part` varchar(255), `user_id` varchar(255), `created_at` datetime NOT NULL, `updated_at` datetime NOT NULL) ENGINE=InnoDB
  [1m[36m (0.2ms)[0m  [1mBEGIN[0m
  [1m[35mSQL (0.3ms)[0m  INSERT INTO `schema_migrations` (`version`) VALUES ('20150810104021')
  [1m[36m (59.2ms)[0m  [1mCOMMIT[0m
  [1m[35mActiveRecord::SchemaMigration Load (0.2ms)[0m  SELECT `schema_migrations`.* FROM `schema_migrations`
  [1m[36m (0.2ms)[0m  [1mSELECT fk.referenced_table_name as 'to_table'
      ,fk.referenced_column_name as 'primary_key'
      ,fk.column_name as 'column'
      ,fk.constraint_name as 'name'
FROM information_schema.key_column_usage fk
WHERE fk.referenced_column_name is not null
  AND fk.table_schema = 'MAIL-CONTEXT'
  AND fk.table_name = 'mail_contexts'
[0m
  [1m[35m (0.1ms)[0m  SHOW CREATE TABLE `mail_contexts`


Started GET "/" for 127.0.0.1 at 2015-08-10 16:11:37 +0530
  [1m[36mActiveRecord::SchemaMigration Load (3.2ms)[0m  [1mSELECT `schema_migrations`.* FROM `schema_migrations`[0m
Processing by Rails::WelcomeController#index as HTML
  Rendered /home/raghuveer/.rvm/rubies/ruby-1.9.3-p545/lib/ruby/gems/1.9.1/gems/railties-4.2.0/lib/rails/templates/rails/welcome/index.html.erb (6.5ms)
Completed 200 OK in 178ms (Views: 80.9ms | ActiveRecord: 0.0ms)


Started GET "/home/new" for 127.0.0.1 at 2015-08-10 16:12:30 +0530

ActionController::RoutingError (No route matches [GET] "/home/new"):
  actionpack (4.2.0) lib/action_dispatch/middleware/debug_exceptions.rb:21:in `call'
  web-console (2.2.1) lib/web_console/middleware.rb:39:in `call'
  actionpack (4.2.0) lib/action_dispatch/middleware/show_exceptions.rb:30:in `call'
  railties (4.2.0) lib/rails/rack/logger.rb:38:in `call_app'
  railties (4.2.0) lib/rails/rack/logger.rb:20:in `block in call'
  activesupport (4.2.0) lib/active_support/tagged_logging.rb:68:in `block in tagged'
  activesupport (4.2.0) lib/active_support/tagged_logging.rb:26:in `tagged'
  activesupport (4.2.0) lib/active_support/tagged_logging.rb:68:in `tagged'
  railties (4.2.0) lib/rails/rack/logger.rb:20:in `call'
  actionpack (4.2.0) lib/action_dispatch/middleware/request_id.rb:21:in `call'
  rack (1.6.4) lib/rack/methodoverride.rb:22:in `call'
  rack (1.6.4) lib/rack/runtime.rb:18:in `call'
  activesupport (4.2.0) lib/active_support/cache/strategy/local_cache_middleware.rb:28:in `call'
  rack (1.6.4) lib/rack/lock.rb:17:in `call'
  actionpack (4.2.0) lib/action_dispatch/middleware/static.rb:113:in `call'
  rack (1.6.4) lib/rack/sendfile.rb:113:in `call'
  railties (4.2.0) lib/rails/engine.rb:518:in `call'
  railties (4.2.0) lib/rails/application.rb:164:in `call'
  rack (1.6.4) lib/rack/lock.rb:17:in `call'
  rack (1.6.4) lib/rack/content_length.rb:15:in `call'
  rack (1.6.4) lib/rack/handler/webrick.rb:88:in `service'
  /home/raghuveer/.rvm/rubies/ruby-1.9.3-p545/lib/ruby/1.9.1/webrick/httpserver.rb:138:in `service'
  /home/raghuveer/.rvm/rubies/ruby-1.9.3-p545/lib/ruby/1.9.1/webrick/httpserver.rb:94:in `run'
  /home/raghuveer/.rvm/rubies/ruby-1.9.3-p545/lib/ruby/1.9.1/webrick/server.rb:191:in `block in start_thread'


  Rendered /home/raghuveer/.rvm/rubies/ruby-1.9.3-p545/lib/ruby/gems/1.9.1/gems/actionpack-4.2.0/lib/action_dispatch/middleware/templates/rescues/_trace.html.erb (3.2ms)
  Rendered /home/raghuveer/.rvm/rubies/ruby-1.9.3-p545/lib/ruby/gems/1.9.1/gems/actionpack-4.2.0/lib/action_dispatch/middleware/templates/routes/_route.html.erb (1.5ms)
  Rendered /home/raghuveer/.rvm/rubies/ruby-1.9.3-p545/lib/ruby/gems/1.9.1/gems/actionpack-4.2.0/lib/action_dispatch/middleware/templates/routes/_table.html.erb (121.1ms)
  Rendered /home/raghuveer/.rvm/rubies/ruby-1.9.3-p545/lib/ruby/gems/1.9.1/gems/actionpack-4.2.0/lib/action_dispatch/middleware/templates/rescues/_request_and_response.html.erb (1.9ms)
  Rendered /home/raghuveer/.rvm/rubies/ruby-1.9.3-p545/lib/ruby/gems/1.9.1/gems/actionpack-4.2.0/lib/action_dispatch/middleware/templates/rescues/routing_error.html.erb within rescues/layout (168.4ms)
  Rendered /home/raghuveer/.rvm/rubies/ruby-1.9.3-p545/lib/ruby/gems/1.9.1/gems/web-console-2.2.1/lib/web_console/templates/_markup.html.erb (0.6ms)
  Rendered /home/raghuveer/.rvm/rubies/ruby-1.9.3-p545/lib/ruby/gems/1.9.1/gems/web-console-2.2.1/lib/web_console/templates/_inner_console_markup.html.erb within layouts/inlined_string (0.6ms)
  Rendered /home/raghuveer/.rvm/rubies/ruby-1.9.3-p545/lib/ruby/gems/1.9.1/gems/web-console-2.2.1/lib/web_console/templates/_prompt_box_markup.html.erb within layouts/inlined_string (0.5ms)
  Rendered /home/raghuveer/.rvm/rubies/ruby-1.9.3-p545/lib/ruby/gems/1.9.1/gems/web-console-2.2.1/lib/web_console/templates/style.css.erb within layouts/inlined_string (1.2ms)
  Rendered /home/raghuveer/.rvm/rubies/ruby-1.9.3-p545/lib/ruby/gems/1.9.1/gems/web-console-2.2.1/lib/web_console/templates/console.js.erb within layouts/javascript (28.9ms)
  Rendered /home/raghuveer/.rvm/rubies/ruby-1.9.3-p545/lib/ruby/gems/1.9.1/gems/web-console-2.2.1/lib/web_console/templates/main.js.erb within layouts/javascript (0.6ms)
  Rendered /home/raghuveer/.rvm/rubies/ruby-1.9.3-p545/lib/ruby/gems/1.9.1/gems/web-console-2.2.1/lib/web_console/templates/error_page.js.erb within layouts/javascript (0.7ms)
  Rendered /home/raghuveer/.rvm/rubies/ruby-1.9.3-p545/lib/ruby/gems/1.9.1/gems/web-console-2.2.1/lib/web_console/templates/index.html.erb (58.1ms)


Started GET "/" for 127.0.0.1 at 2015-08-10 16:12:34 +0530
Processing by MailContextsController#index as HTML
  [1m[35mMailContext Load (0.8ms)[0m  SELECT `mail_contexts`.* FROM `mail_contexts`
  Rendered mail_contexts/index.html.erb within layouts/application (10.6ms)
Completed 200 OK in 1457ms (Views: 1449.3ms | ActiveRecord: 4.6ms)


Started GET "/" for 127.0.0.1 at 2015-08-10 16:12:35 +0530
Processing by MailContextsController#index as HTML
  [1m[36mMailContext Load (0.3ms)[0m  [1mSELECT `mail_contexts`.* FROM `mail_contexts`[0m
  Rendered mail_contexts/index.html.erb within layouts/application (1.3ms)
Completed 200 OK in 38ms (Views: 36.1ms | ActiveRecord: 0.3ms)


Started GET "/assets/mail_contexts.self-e3b0c44298fc1c149afbf4c8996fb92427ae41e4649b934ca495991b7852b855.css?body=1" for 127.0.0.1 at 2015-08-10 16:12:35 +0530


Started GET "/assets/scaffolds.self-3a848bc872a4eee524b9d6a05760c5e3c381cb1e19a7a4f1ffe7f9fd5196b83c.css?body=1" for 127.0.0.1 at 2015-08-10 16:12:35 +0530


Started GET "/assets/application.self-e80e8f2318043e8af94dddc2adad5a4f09739a8ebb323b3ab31cd71d45fd9113.css?body=1" for 127.0.0.1 at 2015-08-10 16:12:35 +0530


Started GET "/assets/mail_contexts.self-877aef30ae1b040ab8a3aba4e3e309a11d7f2612f44dde450b5c157aa5f95c05.js?body=1" for 127.0.0.1 at 2015-08-10 16:12:35 +0530


Started GET "/assets/application.self-3a3c8b61bda630ee689740ce7cbd0dd8ea6fdd45e2c42eef4661ab38cf268afe.js?body=1" for 127.0.0.1 at 2015-08-10 16:12:35 +0530


Started GET "/mail_contexts/new" for 127.0.0.1 at 2015-08-10 16:12:39 +0530
Processing by MailContextsController#new as HTML
  Rendered mail_contexts/_form.html.erb (135.9ms)
  Rendered mail_contexts/new.html.erb within layouts/application (138.2ms)
Completed 200 OK in 184ms (Views: 173.9ms | ActiveRecord: 0.5ms)


Started POST "/mail_contexts" for 127.0.0.1 at 2015-08-10 16:12:58 +0530
Processing by MailContextsController#create as HTML
  Parameters: {"utf8"=>"✓", "authenticity_token"=>"jZh+lDxDsWP8IUWnN0+mRI9vOWF0cYuINCOsc7E5HmxGFZtFJNxuJ+bqA1hXvQEKClugkA+lF1EO92GxTlOlXQ==", "mail_context"=>{"email"=>"raghuraas@gmail.com", "message_body"=>"hi", "starts_at(1i)"=>"2015", "starts_at(2i)"=>"8", "starts_at(3i)"=>"10", "starts_at(4i)"=>"10", "starts_at(5i)"=>"42", "ends_at(1i)"=>"2015", "ends_at(2i)"=>"3", "ends_at(3i)"=>"10", "ends_at(4i)"=>"10", "ends_at(5i)"=>"42", "time_part"=>"2", "user_id"=>"s"}, "commit"=>"Create Mail context"}
  [1m[35m (0.2ms)[0m  BEGIN
  [1m[36mSQL (0.5ms)[0m  [1mINSERT INTO `mail_contexts` (`email`, `message_body`, `time_part`, `user_id`, `starts_at`, `ends_at`, `created_at`, `updated_at`) VALUES ('raghuraas@gmail.com', 'hi', '2', 's', '2015-08-10 10:42:00.000000', '2015-03-10 10:42:00.000000', '2015-08-10 10:42:58.506145', '2015-08-10 10:42:58.506145')[0m
  [1m[35m (111.1ms)[0m  COMMIT
Redirected to http://localhost:3001/mail_contexts/1
Completed 302 Found in 121ms (ActiveRecord: 111.8ms)


Started GET "/mail_contexts/1" for 127.0.0.1 at 2015-08-10 16:12:58 +0530
Processing by MailContextsController#show as HTML
  Parameters: {"id"=>"1"}
  [1m[36mMailContext Load (2.6ms)[0m  [1mSELECT  `mail_contexts`.* FROM `mail_contexts` WHERE `mail_contexts`.`id` = 1 LIMIT 1[0m
  Rendered mail_contexts/show.html.erb within layouts/application (1.8ms)
Completed 200 OK in 121ms (Views: 40.0ms | ActiveRecord: 2.6ms)


Started GET "/mail_contexts" for 127.0.0.1 at 2015-08-10 16:13:01 +0530
Processing by MailContextsController#index as HTML
  [1m[35mMailContext Load (1.5ms)[0m  SELECT `mail_contexts`.* FROM `mail_contexts`
  Rendered mail_contexts/index.html.erb within layouts/application (8.5ms)
Completed 200 OK in 156ms (Views: 153.6ms | ActiveRecord: 1.5ms)


Started GET "/mail_contexts" for 127.0.0.1 at 2015-08-10 16:19:07 +0530
Processing by MailContextsController#index as HTML
  [1m[36mMailContext Load (0.9ms)[0m  [1mSELECT `mail_contexts`.* FROM `mail_contexts`[0m
  Rendered mail_contexts/index.html.erb within layouts/application (11.9ms)
Completed 200 OK in 59ms (Views: 56.2ms | ActiveRecord: 0.9ms)


Started GET "/assets/mail_contexts.self-e3b0c44298fc1c149afbf4c8996fb92427ae41e4649b934ca495991b7852b855.css?body=1" for 127.0.0.1 at 2015-08-10 16:19:07 +0530


Started GET "/assets/scaffolds.self-3a848bc872a4eee524b9d6a05760c5e3c381cb1e19a7a4f1ffe7f9fd5196b83c.css?body=1" for 127.0.0.1 at 2015-08-10 16:19:07 +0530


Started GET "/assets/application.self-e80e8f2318043e8af94dddc2adad5a4f09739a8ebb323b3ab31cd71d45fd9113.css?body=1" for 127.0.0.1 at 2015-08-10 16:19:07 +0530


Started GET "/assets/jquery.self-d03a5518f45df77341bdbe6201ba3bfa547ebba8ed64f0ea56bfa5f96ea7c074.js?body=1" for 127.0.0.1 at 2015-08-10 16:19:07 +0530


Started GET "/assets/jquery_ujs.self-ca5248a2fad13d6bd58ea121318d642f195f0b2dd818b30615f785ff365e8d1f.js?body=1" for 127.0.0.1 at 2015-08-10 16:19:07 +0530


Started GET "/assets/turbolinks.self-c37727e9bd6b2735da5c311aa83fead54ed0be6cc8bd9a65309e9c5abe2cbfff.js?body=1" for 127.0.0.1 at 2015-08-10 16:19:07 +0530


Started GET "/assets/mail_contexts.self-877aef30ae1b040ab8a3aba4e3e309a11d7f2612f44dde450b5c157aa5f95c05.js?body=1" for 127.0.0.1 at 2015-08-10 16:19:07 +0530


Started GET "/assets/application.self-3a3c8b61bda630ee689740ce7cbd0dd8ea6fdd45e2c42eef4661ab38cf268afe.js?body=1" for 127.0.0.1 at 2015-08-10 16:19:07 +0530


Started GET "/mail_contexts" for 127.0.0.1 at 2015-08-10 16:20:10 +0530
Processing by MailContextsController#index as HTML
  [1m[35mMailContext Load (0.4ms)[0m  SELECT `mail_contexts`.* FROM `mail_contexts`
  Rendered mail_contexts/index.html.erb within layouts/application (8.9ms)
Completed 200 OK in 50ms (Views: 47.8ms | ActiveRecord: 0.4ms)


Started GET "/assets/mail_contexts.self-e3b0c44298fc1c149afbf4c8996fb92427ae41e4649b934ca495991b7852b855.css?body=1" for 127.0.0.1 at 2015-08-10 16:20:10 +0530


Started GET "/assets/scaffolds.self-3a848bc872a4eee524b9d6a05760c5e3c381cb1e19a7a4f1ffe7f9fd5196b83c.css?body=1" for 127.0.0.1 at 2015-08-10 16:20:10 +0530


Started GET "/assets/application.self-e80e8f2318043e8af94dddc2adad5a4f09739a8ebb323b3ab31cd71d45fd9113.css?body=1" for 127.0.0.1 at 2015-08-10 16:20:10 +0530


Started GET "/assets/mail_contexts.self-877aef30ae1b040ab8a3aba4e3e309a11d7f2612f44dde450b5c157aa5f95c05.js?body=1" for 127.0.0.1 at 2015-08-10 16:20:10 +0530


Started GET "/assets/turbolinks.self-c37727e9bd6b2735da5c311aa83fead54ed0be6cc8bd9a65309e9c5abe2cbfff.js?body=1" for 127.0.0.1 at 2015-08-10 16:20:10 +0530


Started GET "/assets/jquery.self-d03a5518f45df77341bdbe6201ba3bfa547ebba8ed64f0ea56bfa5f96ea7c074.js?body=1" for 127.0.0.1 at 2015-08-10 16:20:10 +0530


Started GET "/assets/jquery_ujs.self-ca5248a2fad13d6bd58ea121318d642f195f0b2dd818b30615f785ff365e8d1f.js?body=1" for 127.0.0.1 at 2015-08-10 16:20:10 +0530


Started GET "/assets/application.self-3a3c8b61bda630ee689740ce7cbd0dd8ea6fdd45e2c42eef4661ab38cf268afe.js?body=1" for 127.0.0.1 at 2015-08-10 16:20:10 +0530


Started GET "/mail_contexts" for 127.0.0.1 at 2015-08-10 16:20:38 +0530
Processing by MailContextsController#index as HTML
  [1m[36mMailContext Load (1.3ms)[0m  [1mSELECT `mail_contexts`.* FROM `mail_contexts`[0m
  Rendered mail_contexts/index.html.erb within layouts/application (6.6ms)
Completed 200 OK in 177ms (Views: 174.3ms | ActiveRecord: 1.3ms)


Started GET "/assets/mail_contexts.self-e3b0c44298fc1c149afbf4c8996fb92427ae41e4649b934ca495991b7852b855.css?body=1" for 127.0.0.1 at 2015-08-10 16:20:38 +0530


Started GET "/assets/scaffolds.self-3a848bc872a4eee524b9d6a05760c5e3c381cb1e19a7a4f1ffe7f9fd5196b83c.css?body=1" for 127.0.0.1 at 2015-08-10 16:20:38 +0530


Started GET "/assets/application.self-e80e8f2318043e8af94dddc2adad5a4f09739a8ebb323b3ab31cd71d45fd9113.css?body=1" for 127.0.0.1 at 2015-08-10 16:20:38 +0530


Started GET "/assets/jquery.self-d03a5518f45df77341bdbe6201ba3bfa547ebba8ed64f0ea56bfa5f96ea7c074.js?body=1" for 127.0.0.1 at 2015-08-10 16:20:38 +0530


Started GET "/assets/turbolinks.self-c37727e9bd6b2735da5c311aa83fead54ed0be6cc8bd9a65309e9c5abe2cbfff.js?body=1" for 127.0.0.1 at 2015-08-10 16:20:38 +0530


Started GET "/assets/jquery_ujs.self-ca5248a2fad13d6bd58ea121318d642f195f0b2dd818b30615f785ff365e8d1f.js?body=1" for 127.0.0.1 at 2015-08-10 16:20:38 +0530


Started GET "/assets/mail_contexts.self-877aef30ae1b040ab8a3aba4e3e309a11d7f2612f44dde450b5c157aa5f95c05.js?body=1" for 127.0.0.1 at 2015-08-10 16:20:38 +0530


Started GET "/assets/application.self-3a3c8b61bda630ee689740ce7cbd0dd8ea6fdd45e2c42eef4661ab38cf268afe.js?body=1" for 127.0.0.1 at 2015-08-10 16:20:38 +0530


Started GET "/mail_contexts" for 127.0.0.1 at 2015-08-10 16:21:22 +0530
Processing by MailContextsController#index as HTML
  [1m[35mMailContext Load (0.4ms)[0m  SELECT `mail_contexts`.* FROM `mail_contexts`
  Rendered mail_contexts/index.html.erb within layouts/application (3.7ms)
Completed 200 OK in 66ms (Views: 62.5ms | ActiveRecord: 0.4ms)


Started GET "/assets/application.self-505689a5660c5c358d318cde7d30f1b81bcbc25b00e704bd0087c9e59dedeffa.css?body=1" for 127.0.0.1 at 2015-08-10 16:21:22 +0530


Started GET "/mail_contexts/new" for 127.0.0.1 at 2015-08-10 16:21:24 +0530
Processing by MailContextsController#new as HTML
  Rendered mail_contexts/_form.html.erb (10.5ms)
  Rendered mail_contexts/new.html.erb within layouts/application (12.1ms)
Completed 200 OK in 51ms (Views: 49.5ms | ActiveRecord: 0.0ms)


Started GET "/mail_contexts" for 127.0.0.1 at 2015-08-10 16:21:47 +0530
Processing by MailContextsController#index as HTML
  [1m[36mMailContext Load (0.5ms)[0m  [1mSELECT `mail_contexts`.* FROM `mail_contexts`[0m
  Rendered mail_contexts/index.html.erb within layouts/application (4.2ms)
Completed 200 OK in 45ms (Views: 43.4ms | ActiveRecord: 0.5ms)


Started GET "/mail_contexts" for 127.0.0.1 at 2015-08-10 16:58:08 +0530
  [1m[36mActiveRecord::SchemaMigration Load (17.2ms)[0m  [1mSELECT `schema_migrations`.* FROM `schema_migrations`[0m
Processing by MailContextsController#index as HTML
  [1m[35mMailContext Load (0.4ms)[0m  SELECT `mail_contexts`.* FROM `mail_contexts`
  Rendered mail_contexts/index.html.erb within layouts/application (23.0ms)
Completed 200 OK in 1049ms (Views: 1019.6ms | ActiveRecord: 1.7ms)


Started GET "/assets/mail_contexts.self-e3b0c44298fc1c149afbf4c8996fb92427ae41e4649b934ca495991b7852b855.css?body=1" for 127.0.0.1 at 2015-08-10 16:58:11 +0530


Started GET "/assets/scaffolds.self-2eaa76307d12e9227c13ea497daf85b726e5e175a27ad9040e8382be5ecb1321.css?body=1" for 127.0.0.1 at 2015-08-10 16:58:11 +0530


Started GET "/assets/application.self-505689a5660c5c358d318cde7d30f1b81bcbc25b00e704bd0087c9e59dedeffa.css?body=1" for 127.0.0.1 at 2015-08-10 16:58:11 +0530


Started GET "/assets/jquery_ujs.self-ca5248a2fad13d6bd58ea121318d642f195f0b2dd818b30615f785ff365e8d1f.js?body=1" for 127.0.0.1 at 2015-08-10 16:58:11 +0530


Started GET "/assets/jquery.self-d03a5518f45df77341bdbe6201ba3bfa547ebba8ed64f0ea56bfa5f96ea7c074.js?body=1" for 127.0.0.1 at 2015-08-10 16:58:11 +0530


Started GET "/assets/turbolinks.self-c37727e9bd6b2735da5c311aa83fead54ed0be6cc8bd9a65309e9c5abe2cbfff.js?body=1" for 127.0.0.1 at 2015-08-10 16:58:11 +0530


Started GET "/assets/application.self-3a3c8b61bda630ee689740ce7cbd0dd8ea6fdd45e2c42eef4661ab38cf268afe.js?body=1" for 127.0.0.1 at 2015-08-10 16:58:11 +0530


Started GET "/assets/mail_contexts.self-877aef30ae1b040ab8a3aba4e3e309a11d7f2612f44dde450b5c157aa5f95c05.js?body=1" for 127.0.0.1 at 2015-08-10 16:58:11 +0530
  [1m[36mActiveRecord::SchemaMigration Load (3.0ms)[0m  [1mSELECT `schema_migrations`.* FROM `schema_migrations`[0m
Migrating to DeviseCreateUsers (20150810113539)
  [1m[35m (176.6ms)[0m  CREATE TABLE `users` (`id` int(11) auto_increment PRIMARY KEY, `email` varchar(255), `encrypted_password` varchar(255) DEFAULT '' NOT NULL, `reset_password_token` varchar(255), `reset_password_sent_at` datetime, `remember_created_at` datetime, `sign_in_count` int(11) DEFAULT 0 NOT NULL, `current_sign_in_at` datetime, `last_sign_in_at` datetime, `current_sign_in_ip` varchar(255), `last_sign_in_ip` varchar(255), `name` varchar(255), `phone` varchar(255), `emp_id` varchar(255), `image` varchar(255), `role_id` varchar(255), `created_at` datetime NOT NULL, `updated_at` datetime NOT NULL) ENGINE=InnoDB
  [1m[36m (207.1ms)[0m  [1mCREATE UNIQUE INDEX `index_users_on_email`  ON `users` (`email`) [0m
  [1m[35m (233.2ms)[0m  CREATE UNIQUE INDEX `index_users_on_reset_password_token`  ON `users` (`reset_password_token`) 
  [1m[36m (0.1ms)[0m  [1mBEGIN[0m
  [1m[35mSQL (0.5ms)[0m  INSERT INTO `schema_migrations` (`version`) VALUES ('20150810113539')
  [1m[36m (79.5ms)[0m  [1mCOMMIT[0m
  [1m[35mActiveRecord::SchemaMigration Load (0.2ms)[0m  SELECT `schema_migrations`.* FROM `schema_migrations`
  [1m[36m (0.4ms)[0m  [1mSELECT fk.referenced_table_name as 'to_table'
      ,fk.referenced_column_name as 'primary_key'
      ,fk.column_name as 'column'
      ,fk.constraint_name as 'name'
FROM information_schema.key_column_usage fk
WHERE fk.referenced_column_name is not null
  AND fk.table_schema = 'MAIL-CONTEXT'
  AND fk.table_name = 'mail_contexts'
[0m
  [1m[35m (0.2ms)[0m  SHOW CREATE TABLE `mail_contexts`
  [1m[36m (0.3ms)[0m  [1mSELECT fk.referenced_table_name as 'to_table'
      ,fk.referenced_column_name as 'primary_key'
      ,fk.column_name as 'column'
      ,fk.constraint_name as 'name'
FROM information_schema.key_column_usage fk
WHERE fk.referenced_column_name is not null
  AND fk.table_schema = 'MAIL-CONTEXT'
  AND fk.table_name = 'users'
[0m
  [1m[35m (0.2ms)[0m  SHOW CREATE TABLE `users`
